<?xml version="1.0" encoding="UTF-8"?>
<testng-results ignored="0" total="1" passed="1" failed="0" skipped="0">
  <reporter-output>
  </reporter-output>
  <suite started-at="2020-06-12T18:22:34 IST" name="Default suite" finished-at="2020-06-12T18:23:05 IST" duration-ms="31456">
    <groups>
    </groups>
    <test started-at="2020-06-12T18:22:34 IST" name="Default test" finished-at="2020-06-12T18:23:05 IST" duration-ms="31456">
      <class name="testzenlabs.job.education_form.Main">
        <test-method is-config="true" signature="beforeMethod()[pri:0, instance:testzenlabs.job.education_form.Main@55f616cf]" started-at="2020-06-12T18:22:34 IST" name="beforeMethod" finished-at="2020-06-12T18:22:43 IST" duration-ms="8716" status="PASS">
          <reporter-output>
          </reporter-output>
        </test-method> <!-- beforeMethod -->
        <test-method signature="test()[pri:0, instance:testzenlabs.job.education_form.Main@55f616cf]" started-at="2020-06-12T18:22:43 IST" name="test" finished-at="2020-06-12T18:23:05 IST" duration-ms="22580" status="PASS">
          <reporter-output>
          </reporter-output>
        </test-method> <!-- test -->
        <test-method is-config="true" signature="aftermethod()[pri:0, instance:testzenlabs.job.education_form.Main@55f616cf]" started-at="2020-06-12T18:23:05 IST" name="aftermethod" finished-at="2020-06-12T18:23:05 IST" duration-ms="105" status="PASS">
          <reporter-output>
          </reporter-output>
        </test-method> <!-- aftermethod -->
      </class> <!-- testzenlabs.job.education_form.Main -->
    </test> <!-- Default test -->
  </suite> <!-- Default suite -->
</testng-results>
