<?xml version="1.0" encoding="UTF-8"?>
<testng-results ignored="0" total="1" passed="1" failed="0" skipped="0">
  <reporter-output>
  </reporter-output>
  <suite started-at="2020-06-12T19:23:58 IST" name="Default suite" finished-at="2020-06-12T19:25:26 IST" duration-ms="87661">
    <groups>
    </groups>
    <test started-at="2020-06-12T19:23:58 IST" name="Default test" finished-at="2020-06-12T19:25:26 IST" duration-ms="87661">
      <class name="testzenlabs.general_information.General_Information">
        <test-method is-config="true" signature="beforeMethod()[pri:0, instance:testzenlabs.general_information.General_Information@55f616cf]" started-at="2020-06-12T19:23:59 IST" name="beforeMethod" finished-at="2020-06-12T19:24:04 IST" duration-ms="5625" status="PASS">
          <reporter-output>
          </reporter-output>
        </test-method> <!-- beforeMethod -->
        <test-method signature="generalInformationTest()[pri:0, instance:testzenlabs.general_information.General_Information@55f616cf]" started-at="2020-06-12T19:24:04 IST" name="generalInformationTest" finished-at="2020-06-12T19:25:26 IST" duration-ms="81802" status="PASS">
          <reporter-output>
          </reporter-output>
        </test-method> <!-- generalInformationTest -->
        <test-method is-config="true" signature="afterMethod()[pri:0, instance:testzenlabs.general_information.General_Information@55f616cf]" started-at="2020-06-12T19:25:26 IST" name="afterMethod" finished-at="2020-06-12T19:25:26 IST" duration-ms="175" status="PASS">
          <reporter-output>
          </reporter-output>
        </test-method> <!-- afterMethod -->
      </class> <!-- testzenlabs.general_information.General_Information -->
    </test> <!-- Default test -->
  </suite> <!-- Default suite -->
</testng-results>
