<?xml version="1.0" encoding="UTF-8"?>
<testng-results skipped="0" failed="0" ignored="0" total="1" passed="1">
  <reporter-output>
  </reporter-output>
  <suite name="Default suite" duration-ms="45657" started-at="2020-06-30T15:58:34 IST" finished-at="2020-06-30T15:59:19 IST">
    <groups>
    </groups>
    <test name="Default test" duration-ms="45657" started-at="2020-06-30T15:58:34 IST" finished-at="2020-06-30T15:59:19 IST">
      <class name="main.M1">
        <test-method status="PASS" signature="beforeMethod()[pri:0, instance:main.M1@47ef968d]" name="beforeMethod" is-config="true" duration-ms="8797" started-at="2020-06-30T15:58:34 IST" finished-at="2020-06-30T15:58:42 IST">
          <reporter-output>
          </reporter-output>
        </test-method> <!-- beforeMethod -->
        <test-method status="PASS" signature="test()[pri:0, instance:main.M1@47ef968d]" name="test" duration-ms="36691" started-at="2020-06-30T15:58:42 IST" finished-at="2020-06-30T15:59:19 IST">
          <reporter-output>
          </reporter-output>
        </test-method> <!-- test -->
        <test-method status="PASS" signature="aftermethod()[pri:0, instance:main.M1@47ef968d]" name="aftermethod" is-config="true" duration-ms="115" started-at="2020-06-30T15:59:19 IST" finished-at="2020-06-30T15:59:19 IST">
          <reporter-output>
          </reporter-output>
        </test-method> <!-- aftermethod -->
      </class> <!-- main.M1 -->
    </test> <!-- Default test -->
  </suite> <!-- Default suite -->
</testng-results>
